SF:lib/src/preferences/base_preferences.dart
DA:4,1
DA:12,1
DA:13,2
DA:14,1
DA:27,1
DA:32,2
DA:37,5
DA:47,1
DA:48,3
LF:9
LH:9
end_of_record
SF:lib/src/theme/app_theme.dart
DA:17,4
LF:1
LH:1
end_of_record
SF:lib/src/screens/onboarding_screen.dart
DA:4,1
DA:6,2
DA:8,2
DA:9,2
LF:4
LH:4
end_of_record
SF:lib/src/screens/splash_screen.dart
DA:8,1
DA:10,2
DA:11,2
DA:18,2
DA:20,2
DA:21,6
DA:24,2
DA:26,4
DA:27,2
DA:30,1
DA:31,1
DA:32,3
DA:33,1
DA:34,1
DA:39,2
LF:15
LH:15
end_of_record
SF:lib/main.dart
DA:6,0
DA:7,0
DA:8,0
DA:9,0
DA:13,1
DA:15,1
DA:17,1
DA:19,1
LF:8
LH:4
end_of_record
SF:lib/src/screens/home_screen.dart
DA:4,0
DA:6,0
DA:8,0
DA:9,0
DA:12,0
LF:5
LH:0
end_of_record
